
> auto-gql@0.0.11 check
> svelte-kit sync && svelte-check --tsconfig ./tsconfig.json

Loading svelte-check in workspace: /app
Getting Svelte diagnostics...

/app/src/lib/components/IntrospectionDataGenerator.svelte:22:68
Warn: This reference only captures the initial value of `prefix`. Did you mean to reference it inside a closure instead?
https://svelte.dev/e/state_referenced_locally (svelte)
	// Get context with explicit type
	let QMSMainWraperContextVal = getContext<QMSMainWraperContext>(`${prefix}QMSMainWraperContext`);
	const urqlCoreClient = QMSMainWraperContextVal?.urqlCoreClient;

/app/src/lib/components/MainWraper.svelte:94:38
Warn: This reference only captures the initial value of `prefix`. Did you mean to reference it inside a closure instead?
https://svelte.dev/e/state_referenced_locally (svelte)
	// Svelte 5 warns about capturing state locally, but for context keys it is expected.
	setContext<QMSMainWraperContext>(`${prefix}QMSMainWraperContext`, {
		endpointInfo: endpointInfo,

/app/src/lib/components/MainWraper.svelte:100:58
Warn: This reference only captures the initial value of `prefix`. Did you mean to reference it inside a closure instead?
https://svelte.dev/e/state_referenced_locally (svelte)

	Logger.info('MainWraper initialized and context set', { prefix });
</script>

/app/src/lib/components/QMSWraperCtxDataCurrentComputations.svelte:18:68
Warn: This reference only captures the initial value of `prefix`. Did you mean to reference it inside a closure instead?
https://svelte.dev/e/state_referenced_locally (svelte)

	const OutermostQMSWraperContext = getContext<QMSWraperContext>(`${prefix}OutermostQMSWraperContext`);
	const mergedChildren_finalGqlArgObj_Store = OutermostQMSWraperContext?.mergedChildren_finalGqlArgObj_Store;

/app/src/lib/components/QMSWraper.svelte:147:19
Warn: This reference only captures the initial value of `prefix`. Did you mean to reference it inside a closure instead?
https://svelte.dev/e/state_referenced_locally (svelte)
	// Using untrack to suppress warning about prefix, as context keys are expected to be stable.
    setContext(`${prefix}QMSWraperContext`, QMSWraperContext);

/app/src/lib/components/Description.svelte:21:43
Warn: This reference only captures the initial value of `prefix`. Did you mean to reference it inside a closure instead?
https://svelte.dev/e/state_referenced_locally (svelte)
	}: Props = $props();
	let QMSMainWraperContext = getContext(`${prefix}QMSMainWraperContext`);
	const schemaData = QMSMainWraperContext?.schemaData;

/app/src/lib/components/Description.svelte:23:41
Warn: This reference only captures the initial value of `QMSInfo`. Did you mean to reference it inside a closure instead?
https://svelte.dev/e/state_referenced_locally (svelte)
	const schemaData = QMSMainWraperContext?.schemaData;
	const nodeRootType = getRootType(null, QMSInfo.dd_rootName, schemaData);
	const descriptionNeedsSeparator = QMSInfo?.description && nodeRootType?.description;

/app/src/lib/components/Description.svelte:24:36
Warn: This reference only captures the initial value of `QMSInfo`. Did you mean to reference it inside a closure instead?
https://svelte.dev/e/state_referenced_locally (svelte)
	const nodeRootType = getRootType(null, QMSInfo.dd_rootName, schemaData);
	const descriptionNeedsSeparator = QMSInfo?.description && nodeRootType?.description;
</script>

/app/src/lib/components/Description.svelte:22:43
Error: Property 'schemaData' does not exist on type 'unknown'. (ts)
	let QMSMainWraperContext = getContext(`${prefix}QMSMainWraperContext`);
	const schemaData = QMSMainWraperContext?.schemaData;
	const nodeRootType = getRootType(null, QMSInfo.dd_rootName, schemaData);

/app/src/lib/components/Modal.svelte:69:1
Warn: Visible, non-interactive elements with a click event must be accompanied by a keyboard event handler. Consider whether an interactive element such as `<button type="button">` or `<a>` might be more appropriate
https://svelte.dev/e/a11y_click_events_have_key_events (svelte)
<!-- scroll-smooth -->
<div
	class="fixed top-0 right-0 z-[99]  h-screen  w-screen lg:w-full  overflow-y-scroll overscroll-contain   bg-base-100/50   "
	use:portal={'body'}
	hidden
	bind:this={mainDiv}
	in:fade|global={{ delay: 0, duration: 50 }}
	out:fade|global={{ delay: 0, duration: 50 }}
	onintroend={() => (mainDivIntroEnd = true)}
	onclick={handleMainDivClick}
>
	{#if mainDivIntroEnd}
		<div
			class="    py-80"
			onclick={handlePaddingClick}
		></div>

		<div
			bind:this={bodyDiv}
			id={modalIdetifier}
			class=" shadowTop card-bordered card rounded-box z-[99]
			my-0 min-h-[80vh] max-h-min space-y-0 rounded-b-none border-transparent bg-base-100  mx-auto md:w-2/3 pb-8 "
			in:fly|global={{
				delay: 20,
				duration: 200,
				x: 0,
				y: 400,
				opacity: 0,
				easing: sineOut
			}}
			out:fly|global={{ delay: 0, duration: 100, x: 0, y: 20, opacity: 0, easing: sineIn }}
			onintroend={() => (bodyDivIntroEnd = true)}
		>
			<div class="sticky top-0  bg-base-100 rounded-xl z-50 ">
				<div class="my-4 h-2 bg-base-300    rounded-box mx-auto w-12  "></div>
			</div>

			<div class="px-3 pb-80 ">
				{@render children?.()}
			</div>
		</div>
	{/if}
	{#if showApplyBtn}
		<div class="fixed bottom-0  left-0 z-[99] w-full 	">
			<!-- card-actions -->
			<div
				class="my-0  mx-auto w-full  mx-auto justify-center bg-gradient-to-t from-base-100/100 via-base-100/70 to-base-100/10 px-2 pb-0 "
			>
				<div class=" mx-auto w-11/12    lg:pb-4 ">
					<button
						class="btn btn-primary btn-lg    w-full  mx-auto  justify-center normal-case shadow-2xl drop-shadow-2xl "
						onclick={apply}>Apply</button
					>
				</div>
			</div>
			<div class="my-0 mx-auto w-full bg-base-100/100 py-4"></div>
		</div>{/if}
</div>

/app/src/lib/components/Modal.svelte:69:1
Warn: `<div>` with a click handler must have an ARIA role
https://svelte.dev/e/a11y_no_static_element_interactions (svelte)
<!-- scroll-smooth -->
<div
	class="fixed top-0 right-0 z-[99]  h-screen  w-screen lg:w-full  overflow-y-scroll overscroll-contain   bg-base-100/50   "
	use:portal={'body'}
	hidden
	bind:this={mainDiv}
	in:fade|global={{ delay: 0, duration: 50 }}
	out:fade|global={{ delay: 0, duration: 50 }}
	onintroend={() => (mainDivIntroEnd = true)}
	onclick={handleMainDivClick}
>
	{#if mainDivIntroEnd}
		<div
			class="    py-80"
			onclick={handlePaddingClick}
		></div>

		<div
			bind:this={bodyDiv}
			id={modalIdetifier}
			class=" shadowTop card-bordered card rounded-box z-[99]
			my-0 min-h-[80vh] max-h-min space-y-0 rounded-b-none border-transparent bg-base-100  mx-auto md:w-2/3 pb-8 "
			in:fly|global={{
				delay: 20,
				duration: 200,
				x: 0,
				y: 400,
				opacity: 0,
				easing: sineOut
			}}
			out:fly|global={{ delay: 0, duration: 100, x: 0, y: 20, opacity: 0, easing: sineIn }}
			onintroend={() => (bodyDivIntroEnd = true)}
		>
			<div class="sticky top-0  bg-base-100 rounded-xl z-50 ">
				<div class="my-4 h-2 bg-base-300    rounded-box mx-auto w-12  "></div>
			</div>

			<div class="px-3 pb-80 ">
				{@render children?.()}
			</div>
		</div>
	{/if}
	{#if showApplyBtn}
		<div class="fixed bottom-0  left-0 z-[99] w-full 	">
			<!-- card-actions -->
			<div
				class="my-0  mx-auto w-full  mx-auto justify-center bg-gradient-to-t from-base-100/100 via-base-100/70 to-base-100/10 px-2 pb-0 "
			>
				<div class=" mx-auto w-11/12    lg:pb-4 ">
					<button
						class="btn btn-primary btn-lg    w-full  mx-auto  justify-center normal-case shadow-2xl drop-shadow-2xl "
						onclick={apply}>Apply</button
					>
				</div>
			</div>
			<div class="my-0 mx-auto w-full bg-base-100/100 py-4"></div>
		</div>{/if}
</div>

/app/src/lib/components/Modal.svelte:80:3
Warn: Visible, non-interactive elements with a click event must be accompanied by a keyboard event handler. Consider whether an interactive element such as `<button type="button">` or `<a>` might be more appropriate
https://svelte.dev/e/a11y_click_events_have_key_events (svelte)
	{#if mainDivIntroEnd}
		<div
			class="    py-80"
			onclick={handlePaddingClick}
		></div>

/app/src/lib/components/Modal.svelte:80:3
Warn: `<div>` with a click handler must have an ARIA role
https://svelte.dev/e/a11y_no_static_element_interactions (svelte)
	{#if mainDivIntroEnd}
		<div
			class="    py-80"
			onclick={handlePaddingClick}
		></div>

/app/src/lib/components/fields/Toggle.test.ts:9:5
Error: Type '{ displayInterface: string; useSwap: false; }' is missing the following properties from type 'Props': swapOnText, swapOffText
			const { container } = render(Toggle, {
				props: { displayInterface: 'checkbox', useSwap: false }
			});

/app/src/lib/components/fields/Toggle.test.ts:19:5
Error: Type '{ displayInterface: string; useSwap: false; }' is missing the following properties from type 'Props': swapOnText, swapOffText
			const { container } = render(Toggle, {
				props: { displayInterface: 'checkbox', useSwap: false }
			});

/app/src/lib/components/fields/Toggle.test.ts:28:5
Error: Type '{ displayInterface: string; useSwap: false; }' is missing the following properties from type 'Props': swapOnText, swapOffText
			const { container } = render(Toggle, {
				props: { displayInterface: 'checkbox', useSwap: false }
			});

/app/src/lib/components/fields/Toggle.test.ts:37:5
Error: Type '{ displayInterface: string; rawValue: true; showValue: true; }' is missing the following properties from type 'Props': swapOnText, swapOffText
			const { container } = render(Toggle, {
				props: { displayInterface: 'checkbox', rawValue: true, showValue: true }
			});

/app/src/lib/components/fields/Toggle.test.ts:47:5
Error: Type '{ displayInterface: string; rawValue: true; showValue: false; }' is missing the following properties from type 'Props': swapOnText, swapOffText
			const { container } = render(Toggle, {
				props: { displayInterface: 'checkbox', rawValue: true, showValue: false }
			});

/app/src/lib/components/fields/Toggle.test.ts:57:5
Error: Type '{ displayInterface: string; otherClases: string; }' is missing the following properties from type 'Props': swapOnText, swapOffText
			const { container } = render(Toggle, {
				props: {
					displayInterface: 'checkbox',

/app/src/lib/components/fields/Toggle.test.ts:151:5
Error: Type '{ displayInterface: string; rawValue: true; }' is missing the following properties from type 'Props': swapOnText, swapOffText
			const { container } = render(Toggle, {
				props: { displayInterface: 'checkbox', rawValue: true }
			});

/app/src/lib/components/fields/Toggle.test.ts:160:5
Error: Type '{ displayInterface: string; rawValue: false; }' is missing the following properties from type 'Props': swapOnText, swapOffText
			const { container } = render(Toggle, {
				props: { displayInterface: 'checkbox', rawValue: false }
			});

/app/src/lib/components/fields/Toggle.test.ts:169:5
Error: Type '{ displayInterface: string; }' is missing the following properties from type 'Props': swapOnText, swapOffText
			const { container } = render(Toggle, {
				props: { displayInterface: 'checkbox' }
			});

/app/src/lib/components/fields/Toggle.test.ts:178:5
Error: Type '{ displayInterface: string; rawValue: true; showValue: true; }' is missing the following properties from type 'Props': swapOnText, swapOffText
			const { container } = render(Toggle, {
				props: { displayInterface: 'checkbox', rawValue: true, showValue: true }
			});

/app/src/lib/components/fields/Toggle.test.ts:188:5
Error: Type '{ displayInterface: string; rawValue: false; showValue: true; }' is missing the following properties from type 'Props': swapOnText, swapOffText
			const { container } = render(Toggle, {
				props: { displayInterface: 'checkbox', rawValue: false, showValue: true }
			});

/app/src/lib/components/fields/Toggle.test.ts:202:5
Error: Type '{ displayInterface: string; rawValue: false; onChanged: Mock<Procedure>; }' is missing the following properties from type 'Props': swapOnText, swapOffText
			const { container } = render(Toggle, {
				props: { displayInterface: 'checkbox', rawValue: false, onChanged: changed }
			});

/app/src/lib/components/fields/Toggle.test.ts:214:5
Error: Type '{ displayInterface: string; rawValue: false; onChanged: Mock<Procedure>; }' is missing the following properties from type 'Props': swapOnText, swapOffText
			const { container } = render(Toggle, {
				props: { displayInterface: 'checkbox', rawValue: false, onChanged: changed }
			});

/app/src/lib/components/fields/Toggle.test.ts:230:5
Error: Type '{ displayInterface: string; rawValue: true; onChanged: Mock<Procedure>; }' is missing the following properties from type 'Props': swapOnText, swapOffText
			const { container } = render(Toggle, {
				props: { displayInterface: 'checkbox', rawValue: true, onChanged: changed }
			});

/app/src/lib/components/fields/Toggle.test.ts:246:5
Error: Type '{ displayInterface: string; rawValue: false; onChanged: Mock<Procedure>; }' is missing the following properties from type 'Props': swapOnText, swapOffText
			const { container } = render(Toggle, {
				props: { displayInterface: 'checkbox', rawValue: false, onChanged: changed }
			});

/app/src/lib/components/fields/Toggle.test.ts:300:5
Error: Type '{ displayInterface: string; rawValue: false; }' is missing the following properties from type 'Props': swapOnText, swapOffText
			const { container, rerender } = render(Toggle, {
				props: { displayInterface: 'checkbox', rawValue: false }
			});

/app/src/lib/components/fields/Toggle.test.ts:312:5
Error: Type '{ displayInterface: string; rawValue: true; showValue: true; }' is missing the following properties from type 'Props': swapOnText, swapOffText
			const { container, rerender } = render(Toggle, {
				props: { displayInterface: 'checkbox', rawValue: true, showValue: true }
			});

/app/src/lib/components/fields/Toggle.test.ts:329:5
Error: Type '{ displayInterface: string; otherClases: string; }' is missing the following properties from type 'Props': swapOnText, swapOffText
			const { container } = render(Toggle, {
				props: {
					displayInterface: 'checkbox',

/app/src/lib/components/fields/Toggle.test.ts:360:5
Error: Type '{ displayInterface: string; rawValue: false; onChanged: Mock<Procedure>; }' is missing the following properties from type 'Props': swapOnText, swapOffText
			const { container } = render(Toggle, {
				props: { displayInterface: 'checkbox', rawValue: false, onChanged: changed }
			});

/app/src/lib/components/fields/Toggle.test.ts:375:5
Error: Type '{ displayInterface: string; otherClases: string; }' is missing the following properties from type 'Props': swapOnText, swapOffText
			const { container } = render(Toggle, {
				props: { displayInterface: 'checkbox', otherClases: '' }
			});

/app/src/lib/stores/testData/testEndpoints.ts:303:25
Error: Property 'length' does not exist on type 'unknown'.
					let array = stringToJs(atob(id))
					return array[array.length - 1]
				},

/app/src/lib/stores/endpointHandling/availableEndpoints.ts:5:10
Error: Module '"$lib/stores/testData/testEndpoints"' has no exported member 'testEndpoints_Store'.
import { get } from "svelte/store"
import { testEndpoints_Store } from "$lib/stores/testData/testEndpoints"
const testEndpoints = get(testEndpoints_Store)

/app/src/lib/stores/endpointHandling/availableEndpoints.ts:12:24
Error: Property 'find' does not exist on type 'unknown'.
export const getEndpointConfiguration = (endpointId) => {
  return testEndpoints.find((endpoint) => { return endpoint.url == endpointId })
}

/app/src/lib/utils/exportUtils.ts:26:20
Error: Type 'unknown' cannot be used as an index type.
				.map((header) => {
					let val = row[header];
					if (val === null || val === undefined) {

/app/src/lib/utils/usefulFunctions.test.ts:87:5
Error: Object literal may only specify known properties, and 'get_rootType' does not exist in type 'SchemaData'.
    subscriptionFields: [],
    get_rootType: (rootTypes, rootTypeName, schemaData) => {
        return schemaData.rootTypes.find(t => t.name === rootTypeName);

/app/src/lib/components/ArgInfoDisplay.svelte:48:6
Error: Identifier 'QMSMainWraperContext' has already been declared
https://svelte.dev/e/js_parse_error (svelte)
	const prefix = '';
	let QMSMainWraperContext = getContext<QMSMainWraperContext>(`${prefix}QMSMainWraperContext`);
	let schemaData = $derived(QMSMainWraperContext?.schemaData);

/app/src/lib/components/Arg.svelte:36:6
Error: Identifier 'QMSMainWraperContext' has already been declared
https://svelte.dev/e/js_parse_error (svelte)

	let QMSMainWraperContext = getContext<QMSMainWraperContext>(`${prefix}QMSMainWraperContext`);
	const schemaData = QMSMainWraperContext?.schemaData;

/app/src/lib/components/ActiveArgumentsGroup_addFilterAndSortingButton.svelte:71:9
Error: Identifier 'QMSMainWraperContext' has already been declared
https://svelte.dev/e/js_parse_error (svelte)

    let QMSMainWraperContext = getContext<QMSMainWraperContext>(`${prefix}QMSMainWraperContext`);
	const endpointInfo = QMSMainWraperContext?.endpointInfo;

/app/src/lib/components/ActiveArgumentsGroup_info.svelte:29:2
Warn: `<i>` with a click handler must have an ARIA role
https://svelte.dev/e/a11y_no_static_element_interactions (svelte)
	<!-- svelte-ignore a11y_click_events_have_key_events -->
	<i
		class="bi bi-info-circle text-secondary px-2"
		title={group.description}
		onclick={() => {
			if (showDescription == group.description) {
				showDescription = '';
			} else {
				showDescription = group.description;
			}
		}}
	></i>
	{#if showDescription == group.description && group.description}

/app/src/lib/components/ActiveArgumentsGroup_info.svelte:9:43
Error: Property 'schemaData' does not exist on type 'unknown'. (ts)
	let QMSMainWraperContext = getContext(`${prefix}QMSMainWraperContext`);
	const schemaData = QMSMainWraperContext?.schemaData;
	let showDescription = $state();

/app/src/lib/components/ActiveArgumentsGroupNormal.svelte:119:19
Error: Type '{ onUpdateQuery: any; onInUseChanged: () => void; activeArgumentData: any; group: any; activeArgumentsDataGrouped: any; }' is missing the following properties from type 'Props': parentNode, node, isNot, nodes, and 5 more. (ts)
			>
				<ActiveArgument
					{onUpdateQuery}

/app/src/lib/components/ColumnInfo.svelte:3:30
Warn: This reference only captures the initial value of `stepsOfFields`. Did you mean to reference it inside a closure instead?
https://svelte.dev/e/state_referenced_locally (svelte)
	let { stepsOfFields } = $props();
	let stepsOfFields_display = stepsOfFields
		.map((el) => {

/app/src/lib/components/ExplorerTable.svelte:68:3
Warn: This reference only captures the initial value of `columns`. Did you mean to reference it inside a closure instead?
https://svelte.dev/e/state_referenced_locally (svelte)
		data,
		columns,
		rowSelectionState,

/app/src/lib/components/ExplorerTable.svelte:70:3
Warn: This reference only captures the initial value of `columnVisibility`. Did you mean to reference it inside a closure instead?
https://svelte.dev/e/state_referenced_locally (svelte)
		rowSelectionState,
		columnVisibility, // This might need to be reactive in createTableOptions logic or options update
		enableMultiRowSelectionState,

/app/src/lib/components/ExplorerTable.svelte:71:3
Warn: This reference only captures the initial value of `enableMultiRowSelectionState`. Did you mean to reference it inside a closure instead?
https://svelte.dev/e/state_referenced_locally (svelte)
		columnVisibility, // This might need to be reactive in createTableOptions logic or options update
		enableMultiRowSelectionState,
		enableRowSelectionState,

/app/src/lib/components/ExplorerTable.svelte:72:3
Warn: This reference only captures the initial value of `enableRowSelectionState`. Did you mean to reference it inside a closure instead?
https://svelte.dev/e/state_referenced_locally (svelte)
		enableMultiRowSelectionState,
		enableRowSelectionState,
		getCoreRowModel,

/app/src/lib/components/ExplorerTable.svelte:75:3
Warn: This reference only captures the initial value of `idColName`. Did you mean to reference it inside a closure instead?
https://svelte.dev/e/state_referenced_locally (svelte)
		setRowSelection,
		idColName
	);

/app/src/lib/components/ExplorerTable.svelte:121:44
Error: Argument of type 'ColumnDefTemplate<HeaderContext<unknown, unknown>>' is not assignable to parameter of type 'string'.
  Type '(props: HeaderContext<unknown, unknown>) => any' is not assignable to type 'string'. (ts)
					{#each headerGroup.headers as header}
						{@const columnFlags = getColumnFlags(header.column.columnDef.header, idColName, requiredColNames)}
						<th class="normal-case">

/app/src/lib/components/ExplorerTable.svelte:181:10
Error: Type 'string' is not assignable to type 'number'. (ts)
				<tr>
					<td colspan="100%">
						<div class="flex flex-col items-center justify-center h-32 text-base-content/50">

/app/src/lib/components/SelectQMS.svelte:5:51
Error: Block-scoped variable 'prefix' used before its declaration. (ts)
	import { getContext } from 'svelte';
	const nodeContext_forDynamicData = getContext(`${prefix}nodeContext_forDynamicData`);
	//let selectedQMS = nodeContext_forDynamicData.selectedQMS;

/app/src/lib/components/SelectQMS.svelte:7:43
Error: Property 'QMSRows' does not exist on type 'unknown'. (ts)
	//let selectedQMS = nodeContext_forDynamicData.selectedQMS;
	let QMSRows = nodeContext_forDynamicData.QMSRows;
	let columns = [

/app/src/lib/components/SelectQMS.svelte:64:50
Error: Block-scoped variable 'prefix' used before its declaration. (ts)
	];
	const OutermostQMSWraperContext = getContext(`${prefix}OutermostQMSWraperContext`);
	const { QMSFieldToQMSGetMany_Store } = OutermostQMSWraperContext;

/app/src/lib/components/SelectQMS.svelte:65:10
Error: Property 'QMSFieldToQMSGetMany_Store' does not exist on type '{}'. (ts)
	const OutermostQMSWraperContext = getContext(`${prefix}OutermostQMSWraperContext`);
	const { QMSFieldToQMSGetMany_Store } = OutermostQMSWraperContext;
	let getManyData = $state();

/app/src/lib/components/SelectQMS.svelte:85:30
Error: Property 'selectedQMS' does not exist on type 'unknown'. (ts)
		if (getManyData) {
			selectedQMS = getManyData.selectedQMS;
			rowSelectionState = getManyData.rowSelectionState;

/app/src/lib/components/SelectQMS.svelte:86:36
Error: Property 'rowSelectionState' does not exist on type 'unknown'. (ts)
			selectedQMS = getManyData.selectedQMS;
			rowSelectionState = getManyData.rowSelectionState;
		}

/app/src/lib/components/ManyToAllSelectInterfaceDefinitionItem.svelte:41:51
Warn: This reference only captures the initial value of `prefix`. Did you mean to reference it inside a closure instead?
https://svelte.dev/e/state_referenced_locally (svelte)
	}: Props = $props();
	const nodeContext_forDynamicData = getContext(`${prefix}nodeContext_forDynamicData`);
	let selectedQMS = nodeContext_forDynamicData.selectedQMS;

/app/src/lib/components/ManyToAllSelectInterfaceDefinitionItem.svelte:46:35
Warn: This reference only captures the initial value of `prefix`. Did you mean to reference it inside a closure instead?
https://svelte.dev/e/state_referenced_locally (svelte)
	//
	let context = getContext<any>(`${prefix}QMSMainWraperContext`);
	const endpointInfo = context?.endpointInfo;

/app/src/lib/components/ManyToAllSelectInterfaceDefinitionItem.svelte:50:55
Warn: This reference only captures the initial value of `prefix`. Did you mean to reference it inside a closure instead?
https://svelte.dev/e/state_referenced_locally (svelte)
	//
	const OutermostQMSWraperContext = getContext<any>(`${prefix}OutermostQMSWraperContext`);
	const { QMSFieldToQMSGetMany_Store } = OutermostQMSWraperContext;

/app/src/lib/components/ManyToAllSelectInterfaceDefinitionItem.svelte:42:47
Error: Property 'selectedQMS' does not exist on type 'unknown'. (ts)
	const nodeContext_forDynamicData = getContext(`${prefix}nodeContext_forDynamicData`);
	let selectedQMS = nodeContext_forDynamicData.selectedQMS;
	let QMSRows = nodeContext_forDynamicData.QMSRows;

/app/src/lib/components/ManyToAllSelectInterfaceDefinitionItem.svelte:43:43
Error: Property 'QMSRows' does not exist on type 'unknown'. (ts)
	let selectedQMS = nodeContext_forDynamicData.selectedQMS;
	let QMSRows = nodeContext_forDynamicData.QMSRows;
	let rowSelectionState = nodeContext_forDynamicData.rowSelectionState;

/app/src/lib/components/ManyToAllSelectInterfaceDefinitionItem.svelte:44:53
Error: Property 'rowSelectionState' does not exist on type 'unknown'. (ts)
	let QMSRows = nodeContext_forDynamicData.QMSRows;
	let rowSelectionState = nodeContext_forDynamicData.rowSelectionState;
	//

/app/src/lib/components/ManyToAllSelectInterfaceDefinitionItem.svelte:151:28
Error: Property 'dd_kindList' does not exist on type 'unknown'. (ts)
				.map((item) => item.item)
				.filter((item) => item.dd_kindList);
			if ($QMSRows.length > 0) {

/app/src/lib/components/ManyToAllSelectInterfaceDefinitionItem.svelte:158:28
Error: Property 'dd_kindList' does not exist on type 'unknown'. (ts)
				.map((item) => item.item)
				.filter((item) => item.dd_kindList);
			if ($QMSRows.length > 0) {

/app/src/lib/components/ManyToAllSelectInterfaceDefinitionItem.svelte:173:27
Error: Property 'dd_kindList' does not exist on type 'unknown'. (ts)
			.map((item) => item.item)
			.filter((item) => item.dd_kindList);
		if ($QMSRows.length > 0) {

/app/src/lib/components/ManyToAllSelectInterfaceDefinitionItem.svelte:193:2
Error: Property 'node' is missing in type '{ showSelectQMSModal: boolean; }' but required in type 'Props'. (ts)
</button>
<SelectQMS bind:showSelectQMSModal />

/app/src/lib/components/ManyToAllSelectInterfaceDefinition.svelte:41:43
Warn: This reference only captures the initial value of `prefix`. Did you mean to reference it inside a closure instead?
https://svelte.dev/e/state_referenced_locally (svelte)
	//
	let QMSMainWraperContext = getContext(`${prefix}QMSMainWraperContext`);
	const endpointInfo = QMSMainWraperContext?.endpointInfo;

/app/src/lib/components/ManyToAllSelectInterfaceDefinition.svelte:45:50
Warn: This reference only captures the initial value of `prefix`. Did you mean to reference it inside a closure instead?
https://svelte.dev/e/state_referenced_locally (svelte)
	//
	const OutermostQMSWraperContext = getContext(`${prefix}OutermostQMSWraperContext`);
	const { QMSFieldToQMSGetMany_Store } = OutermostQMSWraperContext;

/app/src/lib/components/ManyToAllSelectInterfaceDefinition.svelte:48:3
Warn: This reference only captures the initial value of `node`. Did you mean to reference it inside a closure instead?
https://svelte.dev/e/state_referenced_locally (svelte)
	const inputFieldsContainerLocation = endpointInfo.get_inputFieldsContainerLocation(
		node,
		schemaData

/app/src/lib/components/ManyToAllSelectInterfaceDefinition.svelte:52:3
Warn: This reference only captures the initial value of `node`. Did you mean to reference it inside a closure instead?
https://svelte.dev/e/state_referenced_locally (svelte)
	const inputFieldsContainer = getDeepField(
		node,
		inputFieldsContainerLocation,

/app/src/lib/components/ManyToAllSelectInterfaceDefinition.svelte:42:45
Error: Property 'endpointInfo' does not exist on type 'unknown'. (ts)
	let QMSMainWraperContext = getContext(`${prefix}QMSMainWraperContext`);
	const endpointInfo = QMSMainWraperContext?.endpointInfo;
	const schemaData = QMSMainWraperContext?.schemaData;

/app/src/lib/components/ManyToAllSelectInterfaceDefinition.svelte:43:43
Error: Property 'schemaData' does not exist on type 'unknown'. (ts)
	const endpointInfo = QMSMainWraperContext?.endpointInfo;
	const schemaData = QMSMainWraperContext?.schemaData;
	//

/app/src/lib/components/ManyToAllSelectInterfaceDefinition.svelte:46:10
Error: Property 'QMSFieldToQMSGetMany_Store' does not exist on type '{}'. (ts)
	const OutermostQMSWraperContext = getContext(`${prefix}OutermostQMSWraperContext`);
	const { QMSFieldToQMSGetMany_Store } = OutermostQMSWraperContext;
	const inputFieldsContainerLocation = endpointInfo.get_inputFieldsContainerLocation(

/app/src/lib/components/ManyToAllSelectInterfaceDefinition.svelte:78:5
Error: Object literal may only specify known properties, and 'rowSelectionState' does not exist in type 'Props'. (ts)
			{showSelectQMSModal}
			{rowSelectionState}
			{selectedQMS}

/app/src/lib/components/ActiveArgumentsGroup_addFilterAndSortingButtonContent.svelte:79:6
Error: Identifier 'QMSMainWraperContext' has already been declared
https://svelte.dev/e/js_parse_error (svelte)
    let activeArgumentsContext = getContext(`${prefix}activeArgumentsContext`);
	let QMSMainWraperContext = getContext<QMSMainWraperContext>(`${prefix}QMSMainWraperContext`);
	const schemaData = QMSMainWraperContext?.schemaData;

/app/src/lib/components/fields/CodeEditor.svelte:99:10
Error: Argument of type '() => Promise<() => void>' is not assignable to parameter of type '() => void | (() => void)'.
  Type 'Promise<() => void>' is not assignable to type 'void | (() => void)'. (ts)

	$effect(() => {
		const cleanup = initializeEditor();

/app/src/lib/components/fields/CodeEditor.svelte:156:17
Error: Property 'id' does not exist on type 'EventTarget'. (ts)
		} else {
			if (e.target.id == id) {
				editor.dispose();

/app/src/lib/components/fields/CodeEditor.svelte:202:37
Error: Cannot find name 'configurationAsString'. Did you mean 'configurations'? (ts)
			onclick={() => {
				editor.setValue(`const data = ${configurationAsString}`);
			}}

/app/src/lib/components/TypeList.svelte:25:4
Error: Object literal may only specify known properties, and 'prefix' does not exist in type 'Props'. (ts)
		{index}
		{prefix}
		{type}

/app/src/lib/components/TypeList.svelte:31:6
Error: Argument of type '"colAddRequest"' is not assignable to parameter of type 'never'. (ts)
		isOnMainList={true}
		on:colAddRequest
	/>

/app/src/lib/components/AddColumn.svelte:34:16
Warn: This reference only captures the initial value of `prefix`. Did you mean to reference it inside a closure instead?
https://svelte.dev/e/state_referenced_locally (svelte)
	// Setup contexts with writable stores
	setContext(`${prefix}stepsOfFieldsOBJ`, writable({}));
	const stepsOfFieldsOBJ = getContext<ReturnType<typeof writable<Record<string, any>>>>(`${prefix}stepsOfFieldsOBJ`);

/app/src/lib/components/AddColumn.svelte:35:91
Warn: This reference only captures the initial value of `prefix`. Did you mean to reference it inside a closure instead?
https://svelte.dev/e/state_referenced_locally (svelte)
	setContext(`${prefix}stepsOfFieldsOBJ`, writable({}));
	const stepsOfFieldsOBJ = getContext<ReturnType<typeof writable<Record<string, any>>>>(`${prefix}stepsOfFieldsOBJ`);

/app/src/lib/components/AddColumn.svelte:37:16
Warn: This reference only captures the initial value of `prefix`. Did you mean to reference it inside a closure instead?
https://svelte.dev/e/state_referenced_locally (svelte)

	setContext(`${prefix}stepsOfFieldsOBJFull`, writable({}));
	const stepsOfFieldsOBJFull = getContext<ReturnType<typeof writable<Record<string, any>>>>(`${prefix}stepsOfFieldsOBJFull`);

/app/src/lib/components/AddColumn.svelte:38:95
Warn: This reference only captures the initial value of `prefix`. Did you mean to reference it inside a closure instead?
https://svelte.dev/e/state_referenced_locally (svelte)
	setContext(`${prefix}stepsOfFieldsOBJFull`, writable({}));
	const stepsOfFieldsOBJFull = getContext<ReturnType<typeof writable<Record<string, any>>>>(`${prefix}stepsOfFieldsOBJFull`);

/app/src/lib/components/AddColumn.svelte:40:16
Warn: This reference only captures the initial value of `prefix`. Did you mean to reference it inside a closure instead?
https://svelte.dev/e/state_referenced_locally (svelte)

	setContext(`${prefix}activeArgumentsDataGrouped_Store`, writable({}));
	const activeArgumentsDataGrouped_Store = getContext<ReturnType<typeof writable<Record<string, any>>>>(`${prefix}activeArgumentsDataGrouped_Store`);

/app/src/lib/components/AddColumn.svelte:41:107
Warn: This reference only captures the initial value of `prefix`. Did you mean to reference it inside a closure instead?
https://svelte.dev/e/state_referenced_locally (svelte)
	setContext(`${prefix}activeArgumentsDataGrouped_Store`, writable({}));
	const activeArgumentsDataGrouped_Store = getContext<ReturnType<typeof writable<Record<string, any>>>>(`${prefix}activeArgumentsDataGrouped_Store`);

/app/src/lib/components/AddColumn.svelte:43:49
Warn: This reference only captures the initial value of `prefix`. Did you mean to reference it inside a closure instead?
https://svelte.dev/e/state_referenced_locally (svelte)

	const tableColsData_Store = getContext<any>(`${prefix}QMSWraperContext`).tableColsData_Store;

/app/src/lib/components/AddColumn.svelte:45:16
Warn: This reference only captures the initial value of `prefix`. Did you mean to reference it inside a closure instead?
https://svelte.dev/e/state_referenced_locally (svelte)

	setContext(`${prefix}StepsOfFieldsSelected`, writable(new Set([])));
	const StepsOfFieldsSelected = getContext<ReturnType<typeof writable<Set<any>>>>(`${prefix}StepsOfFieldsSelected`);

/app/src/lib/components/AddColumn.svelte:46:85
Warn: This reference only captures the initial value of `prefix`. Did you mean to reference it inside a closure instead?
https://svelte.dev/e/state_referenced_locally (svelte)
	setContext(`${prefix}StepsOfFieldsSelected`, writable(new Set([])));
	const StepsOfFieldsSelected = getContext<ReturnType<typeof writable<Set<any>>>>(`${prefix}StepsOfFieldsSelected`);

/app/src/lib/components/AddColumn.svelte:125:7
Error: Type '{ type: any; template: string; depth: number; isOnMainList: true; }' is missing the following properties from type 'Props': index, stepsOfFields (ts)
				{#if dd_relatedRoot?.fields}
					<Type type={QMS_info} template="columnAddDisplay" depth={0} isOnMainList={true} />
					<!-- <TypeList

/app/src/lib/components/TanTable.svelte:41:6
Error: Identifier 'QMSMainWraperContext' has already been declared
https://svelte.dev/e/js_parse_error (svelte)
    let loadMore = $state(false);
	let QMSMainWraperContext = getContext(`${prefix}QMSMainWraperContext`);
	let QMSWraperContext = getContext<QMSWraperContext>(`${prefix}QMSWraperContext`);

/app/src/lib/components/TanTable.svelte:64:31
Error: Expected 3 arguments, but got 2. (ts)
				...col,
				accessorFn: (row: any) => getTableCellData(row, col),
				header: col.title,

/app/src/lib/components/TanTable.svelte:264:20
Error: Object literal may only specify known properties, and '"oninfinite"' does not exist in type 'InfiniteLoadingProps'. (ts)
	{#if $paginationOptions?.infiniteScroll && data?.length > 0 && loadMore}
		<InfiniteLoading oninfinite={infiniteHandler} identifier={infiniteId} distance={100} />
	{/if}

/app/src/lib/components/Table.svelte:39:3
Error: Cannot use 'bind:' with this property. It is declared as non-bindable inside the component.
To mark a property as bindable: 'let { cols = $bindable() } = $props()' (ts)
		bind:data={rows}
		bind:cols={colsData}
		{onHideColumn}

/app/src/lib/components/UI/rowCount.svelte:50:2
Warn: This reference only captures the initial value of `QMS_bodyPart_StoreDerived`. Did you mean to reference it inside a closure instead?
https://svelte.dev/e/state_referenced_locally (svelte)
	});
	QMS_bodyPart_StoreDerived.subscribe((QMS_body) => {
		if (QMS_body && QMS_body !== '') {

/app/src/lib/components/UI/rowCount.svelte:2:43
Error: Block-scoped variable 'prefix' used before its declaration. (ts)
<script lang="ts">
	let QMSMainWraperContext = getContext(`${prefix}QMSMainWraperContext`);
	const endpointInfo = QMSMainWraperContext?.endpointInfo;

/app/src/lib/components/UI/rowCount.svelte:3:45
Error: Property 'endpointInfo' does not exist on type 'unknown'. (ts)
	let QMSMainWraperContext = getContext(`${prefix}QMSMainWraperContext`);
	const endpointInfo = QMSMainWraperContext?.endpointInfo;

/app/src/lib/components/UI/rowCount.svelte:5:47
Error: Property 'urqlCoreClient' does not exist on type 'unknown'. (ts)

	const urqlCoreClient = QMSMainWraperContext?.urqlCoreClient;
	const schemaData = QMSMainWraperContext?.schemaData;

/app/src/lib/components/UI/rowCount.svelte:6:43
Error: Property 'schemaData' does not exist on type 'unknown'. (ts)
	const urqlCoreClient = QMSMainWraperContext?.urqlCoreClient;
	const schemaData = QMSMainWraperContext?.schemaData;
	import { getDataGivenStepsOfFields } from '$lib/utils/usefulFunctions';

/app/src/lib/components/UI/rowCount.svelte:40:18
Error: Property 'data' does not exist on type 'unknown'. (ts)
	$effect(() => {
		if (queryData?.data) {
			countValue = getDataGivenStepsOfFields(

/app/src/lib/components/UI/rowCount.svelte:43:15
Error: Property 'data' does not exist on type 'unknown'. (ts)
				null,
				queryData.data,
				endpointInfo.get_rowCountLocation(QMS_info, schemaData)

/app/src/lib/components/fields/CodeMirrorCustom.svelte:51:25
Error: Type 'Extension[] | LanguageSupport' is not assignable to type 'LanguageSupport'.
  Type 'Extension[]' is missing the following properties from type 'LanguageSupport': language, support, extension (ts)
<div class="bg-base-300 relative max-h-[90vh] overflow-auto" bind:this={mainContainerEl}>
	<CodeMirror bind:value lang={chosenConfig.codemirrorLanguage} />
	<div class="sticky top-1 right-1">

/app/src/lib/components/fields/CodeMirrorCustom.svelte:57:21
Error: Property 'requestFullscreen' does not exist on type 'unknown'. (ts)
			onclick={() => {
				mainContainerEl.requestFullscreen();
			}}>fullscreen</button

/app/src/lib/components/GraphqlCodeDisplay.svelte:31:31
Warn: This reference only captures the initial value of `value`. Did you mean to reference it inside a closure instead?
https://svelte.dev/e/state_referenced_locally (svelte)
	let valueModifiedManually = $state();
	let lastSyncedValue = $state(value);

/app/src/lib/components/GraphqlCodeDisplay.svelte:39:36
Warn: This reference only captures the initial value of `prefix`. Did you mean to reference it inside a closure instead?
https://svelte.dev/e/state_referenced_locally (svelte)
	try {
		QMSWraperContext = getContext(`${prefix}QMSWraperContext`);
		QMSMainWraperContext = getContext(`${prefix}QMSMainWraperContext`);

/app/src/lib/components/GraphqlCodeDisplay.svelte:40:40
Warn: This reference only captures the initial value of `prefix`. Did you mean to reference it inside a closure instead?
https://svelte.dev/e/state_referenced_locally (svelte)
		QMSWraperContext = getContext(`${prefix}QMSWraperContext`);
		QMSMainWraperContext = getContext(`${prefix}QMSMainWraperContext`);
	} catch (e) {

/app/src/lib/components/GraphqlCodeDisplay.svelte:58:27
Error: No overload matches this call.
  Overload 1 of 2, '(root: ASTNode, visitor: ASTVisitor, visitorKeys?: ASTVisitorKeyMap): ASTNode', gave the following error.
    Argument of type 'unknown' is not assignable to parameter of type 'ASTNode'.
  Overload 2 of 2, '(root: ASTNode, visitor: ASTReducer<unknown>, visitorKeys?: ASTVisitorKeyMap): unknown', gave the following error.
    Argument of type 'unknown' is not assignable to parameter of type 'ASTNode'. (ts)
	const visitAst = () => {
		const editedAST = visit(ast, {
			enter(node, key, parent, path, ancestors) {

/app/src/lib/components/GraphqlCodeDisplay.svelte:87:5
Error: Property 'activeArgumentsDataGrouped_Store' does not exist on type '{}'. (ts)
			const {
				activeArgumentsDataGrouped_Store,
				tableColsData_Store,

/app/src/lib/components/GraphqlCodeDisplay.svelte:88:5
Error: Property 'tableColsData_Store' does not exist on type '{}'. (ts)
				activeArgumentsDataGrouped_Store,
				tableColsData_Store,
				paginationState,

/app/src/lib/components/GraphqlCodeDisplay.svelte:89:5
Error: Property 'paginationState' does not exist on type '{}'. (ts)
				tableColsData_Store,
				paginationState,
				QMSName

/app/src/lib/components/GraphqlCodeDisplay.svelte:90:5
Error: Property 'QMSName' does not exist on type '{}'. (ts)
				paginationState,
				QMSName
			} = QMSWraperContext;

/app/src/lib/components/GraphqlCodeDisplay.svelte:93:12
Error: Property 'endpointInfo' does not exist on type '{}'. (ts)

			const { endpointInfo, schemaData } = QMSMainWraperContext;

/app/src/lib/components/GraphqlCodeDisplay.svelte:93:26
Error: Property 'schemaData' does not exist on type '{}'. (ts)

			const { endpointInfo, schemaData } = QMSMainWraperContext;

/app/src/lib/components/GraphqlCodeDisplay.svelte:126:17
Error: Argument of type 'unknown' is not assignable to parameter of type 'string | Source'. (ts)
			try {
				ast = parse(valueModifiedManually);

/app/src/lib/components/GraphqlCodeDisplay.svelte:144:23
Error: Argument of type 'unknown' is not assignable to parameter of type 'ASTNode'. (ts)

			astPrinted = print(ast);
		}

/app/src/lib/components/GraphqlCodeDisplay.svelte:202:18
Error: Type 'unknown' is not assignable to type 'string'. (ts)
					<!-- <CodeMirrorCustom {value} language="graphql" /> -->
					<CodeEditor rawValue={astPrinted} language="graphql" />
				</div>

/app/src/lib/components/ControlPanelItem.svelte:14:68
Warn: This reference only captures the initial value of `prefix`. Did you mean to reference it inside a closure instead?
https://svelte.dev/e/state_referenced_locally (svelte)
	let { prefix = '', CPItem }: Props = $props();
	const OutermostQMSWraperContext = getContext<QMSWraperContext>(`${prefix}OutermostQMSWraperContext`);

/app/src/lib/components/ControlPanelItem.svelte:16:64
Warn: This reference only captures the initial value of `CPItem`. Did you mean to reference it inside a closure instead?
https://svelte.dev/e/state_referenced_locally (svelte)

	const QMSWraperCtx = getQMSWraperCtxDataGivenControlPanelItem(CPItem, OutermostQMSWraperContext);
	const activeArgumentsDataGrouped_Store = QMSWraperCtx.activeArgumentsDataGrouped_Store;

/app/src/lib/components/ControlPanelItem.svelte:19:26
Warn: This reference only captures the initial value of `CPItem`. Did you mean to reference it inside a closure instead?
https://svelte.dev/e/state_referenced_locally (svelte)

	const CPItemContext = { CPItem, QMSWraperCtx };
	setContext(`${prefix}CPItemContext`, CPItemContext);

/app/src/lib/components/ControlPanelItem.svelte:20:16
Warn: This reference only captures the initial value of `prefix`. Did you mean to reference it inside a closure instead?
https://svelte.dev/e/state_referenced_locally (svelte)
	const CPItemContext = { CPItem, QMSWraperCtx };
	setContext(`${prefix}CPItemContext`, CPItemContext);
</script>

/app/src/lib/components/ControlPanelItem.svelte:3:9
Error: Module '"/app/src/lib/components/ActiveArgumentsGroupWraper.svelte"' has no default export. (ts)
	import { get } from 'svelte/store';
	import ActiveArgumentsGroupWraper from './ActiveArgumentsGroupWraper.svelte';
	import { getContext, setContext } from 'svelte';

/app/src/lib/components/ControlPanel.svelte:29:11
Error: Identifier 'QMSWraperContext' has already been declared
https://svelte.dev/e/js_parse_error (svelte)

    const QMSWraperContext = getContext<QMSWraperContext>(`${prefix}OutermostQMSWraperContext`);
	const mergedChildren_controlPanel_Store = QMSWraperContext?.mergedChildren_controlPanel_Store;

/app/src/routes/endpoints/[endpointid]/queries/[queryName]/ComponentForLayout.svelte:56:48
Warn: This reference only captures the initial value of `prefix`. Did you mean to reference it inside a closure instead?
https://svelte.dev/e/state_referenced_locally (svelte)
	// Get contexts
	let QMSMainWraperContext = getContext<any>(`${prefix}QMSMainWraperContext`);
	const endpointInfo = QMSMainWraperContext?.endpointInfo;

/app/src/routes/endpoints/[endpointid]/queries/[queryName]/ComponentForLayout.svelte:61:46
Warn: This reference only captures the initial value of `prefix`. Did you mean to reference it inside a closure instead?
https://svelte.dev/e/state_referenced_locally (svelte)

	const QMSWraperContext = getContext<any>(`${prefix}QMSWraperContext`);
	const {

/app/src/routes/endpoints/[endpointid]/queries/[queryName]/ComponentForLayout.svelte:75:24
Warn: This reference only captures the initial value of `currentQMS_infoProp`. Did you mean to reference it inside a closure instead?
https://svelte.dev/e/state_referenced_locally (svelte)
	// Initialize currentQMS_info from prop or context
	let currentQMS_info = currentQMS_infoProp ?? schemaData.get_QMS_Field(QMSName, 'query', schemaData);

/app/src/routes/endpoints/[endpointid]/queries/[queryName]/ComponentForLayout.svelte:133:5
Error: Type '{}' is missing the following properties from type 'any[]': length, pop, push, concat, and 35 more. (ts)
				console.log({ stepsOfFieldsInput }, currentQMS_info.dd_displayName);
				rowsCurrent = getDataGivenStepsOfFields(undefined, queryData.data, stepsOfFieldsInput);
				if (rowsCurrent && !Array.isArray(rowsCurrent)) {

/app/src/routes/endpoints/[endpointid]/queries/[queryName]/ComponentForLayout.svelte:322:3
Error: Object literal may only specify known properties, and '"onNewColumnAddRequest"' does not exist in type 'Props'. (ts)
		{currentQMS_info}
		onNewColumnAddRequest={(tableColData) => {
			console.log('aaaaaaaaa', { tableColData });

/app/src/routes/endpoints/[endpointid]/queries/[queryName]/ComponentForLayout.svelte:317:3
Error: Cannot use 'bind:' with this property. It is declared as non-bindable inside the component.
To mark a property as bindable: 'let { column_stepsOfFields = $bindable() } = $props()' (ts)
		type={currentQMS_info}
		bind:column_stepsOfFields
		{addColumnFromInput}

/app/src/lib/components/SelectItem.svelte:33:32
Warn: This reference only captures the initial value of `node`. Did you mean to reference it inside a closure instead?
https://svelte.dev/e/state_referenced_locally (svelte)
	}: Props = $props();
	Logger.debug('nooooddeeee', { node });
	let getManyQMS = $state();

/app/src/lib/components/SelectItem.svelte:7:43
Error: Block-scoped variable 'prefix' used before its declaration. (ts)
	import { Logger } from '$lib/utils/logger';
	let QMSMainWraperContext = getContext(`${prefix}QMSMainWraperContext`);
	const endpointInfo = QMSMainWraperContext?.endpointInfo;

/app/src/lib/components/SelectItem.svelte:8:45
Error: Property 'endpointInfo' does not exist on type 'unknown'. (ts)
	let QMSMainWraperContext = getContext(`${prefix}QMSMainWraperContext`);
	const endpointInfo = QMSMainWraperContext?.endpointInfo;
	const schemaData = QMSMainWraperContext?.schemaData;

/app/src/lib/components/SelectItem.svelte:9:43
Error: Property 'schemaData' does not exist on type 'unknown'. (ts)
	const endpointInfo = QMSMainWraperContext?.endpointInfo;
	const schemaData = QMSMainWraperContext?.schemaData;
	const OutermostQMSWraperContext = getContext(`${prefix}OutermostQMSWraperContext`);

/app/src/lib/components/SelectItem.svelte:10:50
Error: Block-scoped variable 'prefix' used before its declaration. (ts)
	const schemaData = QMSMainWraperContext?.schemaData;
	const OutermostQMSWraperContext = getContext(`${prefix}OutermostQMSWraperContext`);
	const { QMSFieldToQMSGetMany_Store } = OutermostQMSWraperContext;

/app/src/lib/components/SelectItem.svelte:11:10
Error: Property 'QMSFieldToQMSGetMany_Store' does not exist on type '{}'. (ts)
	const OutermostQMSWraperContext = getContext(`${prefix}OutermostQMSWraperContext`);
	const { QMSFieldToQMSGetMany_Store } = OutermostQMSWraperContext;
	interface Props {

/app/src/lib/components/SelectItem.svelte:51:24
Error: Property 'dd_displayName' does not exist on type 'unknown'. (ts)
			bind:QMSWraperContext
			QMSName={getManyQMS.dd_displayName}
			initialGqlArgObj={{}}

/app/src/lib/components/AddNodeToControlPanel.svelte:10:45
Warn: This reference only captures the initial value of `prefix`. Did you mean to reference it inside a closure instead?
https://svelte.dev/e/state_referenced_locally (svelte)
	let { prefix = '', node }: Props = $props();
	let activeArgumentsContext = getContext(`${prefix}activeArgumentsContext`);
	const { mergedChildren_controlPanel_Store } = getContext(`${prefix}OutermostQMSWraperContext`);

/app/src/lib/components/AddNodeToControlPanel.svelte:11:62
Warn: This reference only captures the initial value of `prefix`. Did you mean to reference it inside a closure instead?
https://svelte.dev/e/state_referenced_locally (svelte)
	let activeArgumentsContext = getContext(`${prefix}activeArgumentsContext`);
	const { mergedChildren_controlPanel_Store } = getContext(`${prefix}OutermostQMSWraperContext`);
	let currentObject = {

/app/src/lib/components/AddNodeToControlPanel.svelte:14:11
Warn: This reference only captures the initial value of `node`. Did you mean to reference it inside a closure instead?
https://svelte.dev/e/state_referenced_locally (svelte)
		stepsOfFieldsThisAppliesTo: activeArgumentsContext?.stepsOfFieldsThisAppliesTo,
		nodeId: node.id,
		id: Date.now() + Math.random()

/app/src/lib/components/AddNodeToControlPanel.svelte:11:10
Error: Property 'mergedChildren_controlPanel_Store' does not exist on type '{}'. (ts)
	let activeArgumentsContext = getContext(`${prefix}activeArgumentsContext`);
	const { mergedChildren_controlPanel_Store } = getContext(`${prefix}OutermostQMSWraperContext`);
	let currentObject = {

/app/src/lib/components/AddNodeToControlPanel.svelte:13:55
Error: Property 'stepsOfFieldsThisAppliesTo' does not exist on type 'unknown'. (ts)
	let currentObject = {
		stepsOfFieldsThisAppliesTo: activeArgumentsContext?.stepsOfFieldsThisAppliesTo,
		nodeId: node.id,

/app/src/lib/components/GroupDescriptionAndControls.svelte:13:51
Warn: This reference only captures the initial value of `prefix`. Did you mean to reference it inside a closure instead?
https://svelte.dev/e/state_referenced_locally (svelte)

	const dndIsOn = getContext<Writable<boolean>>(`${prefix}dndIsOn`);
	const showInputField = getContext<Writable<boolean>>(`${prefix}showInputField`);

/app/src/lib/components/GroupDescriptionAndControls.svelte:14:58
Warn: This reference only captures the initial value of `prefix`. Did you mean to reference it inside a closure instead?
https://svelte.dev/e/state_referenced_locally (svelte)
	const dndIsOn = getContext<Writable<boolean>>(`${prefix}dndIsOn`);
	const showInputField = getContext<Writable<boolean>>(`${prefix}showInputField`);
	const mutationVersion = getContext<Writable<boolean>>(`${prefix}mutationVersion`);

/app/src/lib/components/GroupDescriptionAndControls.svelte:15:59
Warn: This reference only captures the initial value of `prefix`. Did you mean to reference it inside a closure instead?
https://svelte.dev/e/state_referenced_locally (svelte)
	const showInputField = getContext<Writable<boolean>>(`${prefix}showInputField`);
	const mutationVersion = getContext<Writable<boolean>>(`${prefix}mutationVersion`);
</script>

/app/src/lib/components/GroupDescriptionAndControls.svelte:19:3
Error: Type '{ useSwap: true; swapOnText: string; showValue: false; otherClases: string; rawValue: boolean; onChanged: () => void; }' is missing the following properties from type 'Props': displayInterface, swapOffText (ts)
<div class="btn btn-ghost btn-xs w-min flex ml-4 {hasGroup_argsNode ? '' : 'pt-1'}">
	<Toggle
		useSwap

/app/src/lib/components/GroupDescriptionAndControls.svelte:31:3
Error: Type '{ useSwap: true; swapOnText: string; showValue: false; otherClases: string; rawValue: boolean; onChanged: () => void; }' is missing the following properties from type 'Props': displayInterface, swapOffText (ts)
<div class="btn btn-ghost btn-xs w-min flex ml-4 {hasGroup_argsNode ? '' : 'pt-1'}">
	<Toggle
		useSwap

/app/src/lib/components/GroupDescriptionAndControls.svelte:43:3
Error: Type '{ useSwap: true; swapOnText: string; showValue: false; otherClases: string; rawValue: boolean; onChanged: () => void; }' is missing the following properties from type 'Props': displayInterface, swapOffText (ts)
<div class="btn btn-ghost btn-xs w-min flex ml-4 {hasGroup_argsNode ? '' : 'pt-1'}">
	<Toggle
		useSwap

/app/src/lib/components/SelectModal.svelte:124:6
Error: Identifier 'QMSMainWraperContext' has already been declared
https://svelte.dev/e/js_parse_error (svelte)

	let QMSMainWraperContext = getContext<QMSMainWraperContext>(`${prefix}QMSMainWraperContext`);
	const endpointInfo = QMSMainWraperContext?.endpointInfo;

/app/src/lib/components/SelectModal.svelte:466:7
Error: Cannot use 'bind:' with this property. It is declared as non-bindable inside the component.
To mark a property as bindable: 'let { rowSelectionState = $bindable() } = $props()' (ts)
						bind:QMSWraperContext={QMSWraperContextForSelectedQMS}
						bind:rowSelectionState={$rowSelectionState}
						enableMultiRowSelectionState={inputFieldsContainer?.dd_kindList}

/app/src/lib/components/SelectModal.svelte:487:7
Error: Cannot use 'bind:' with this property. It is declared as non-bindable inside the component.
To mark a property as bindable: 'let { QMS_info = $bindable() } = $props()' (ts)
						}}
						bind:QMS_info={$selectedQMS}
					/>

/app/src/lib/components/SelectedRowsDisplay.svelte:11:56
Warn: This reference only captures the initial value of `prefix`. Did you mean to reference it inside a closure instead?
https://svelte.dev/e/state_referenced_locally (svelte)
	let { prefix = '' }: Props = $props();
	const nodeContext_forDynamicData = getContext<any>(`${prefix}nodeContext_forDynamicData`);
	let idColName = nodeContext_forDynamicData?.idColName;

/app/src/lib/components/SelectedRowsDisplay.svelte:40:5
Error: Object literal may only specify known properties, and '"enableRowSelection"' does not exist in type 'Props'. (ts)
				bind:requiredColNames={$requiredColNames}
				enableRowSelection={false}
				data={$selectedRowsColValues}

/app/src/lib/components/SelectedRowsDisplay.svelte:38:5
Error: Cannot use 'bind:' with this property. It is declared as non-bindable inside the component.
To mark a property as bindable: 'let { idColName = $bindable() } = $props()' (ts)
			<ExplorerTable
				bind:idColName={$idColName}
				bind:requiredColNames={$requiredColNames}

/app/src/lib/components/SelectedRowsDisplay.svelte:39:5
Error: Cannot use 'bind:' with this property. It is declared as non-bindable inside the component.
To mark a property as bindable: 'let { requiredColNames = $bindable() } = $props()' (ts)
				bind:idColName={$idColName}
				bind:requiredColNames={$requiredColNames}
				enableRowSelection={false}

/app/src/lib/components/ActiveArgumentsGroupHasFilterOperators.svelte:76:68
Warn: This reference only captures the initial value of `prefix`. Did you mean to reference it inside a closure instead?
https://svelte.dev/e/state_referenced_locally (svelte)
	let testName_stepsOFFieldsWasUpdated = $state(false);
	const OutermostQMSWraperContext = getContext<QMSWraperContext>(`${prefix}OutermostQMSWraperContext`);
	const { QMSFieldToQMSGetMany_Store } = OutermostQMSWraperContext;

/app/src/lib/components/ActiveArgumentsGroupHasFilterOperators.svelte:108:16
Warn: This reference only captures the initial value of `prefix`. Did you mean to reference it inside a closure instead?
https://svelte.dev/e/state_referenced_locally (svelte)

	setContext(`${prefix}nodeContext_forDynamicData`, nodeContext_forDynamicData);

/app/src/lib/components/ActiveArgumentsGroupHasFilterOperators.svelte:111:44
Warn: This reference only captures the initial value of `prefix`. Did you mean to reference it inside a closure instead?
https://svelte.dev/e/state_referenced_locally (svelte)
	/////start
    const nodeContext = getContext<any>(`${prefix}nodeContext`);
    let pathIsInCP = $derived(nodeContext?.pathIsInCP || false);

/app/src/lib/components/ActiveArgumentsGroupHasFilterOperators.svelte:115:43
Warn: This reference only captures the initial value of `prefix`. Did you mean to reference it inside a closure instead?
https://svelte.dev/e/state_referenced_locally (svelte)
	let nodeIsInCP = $state(false);
	const CPItemContext = getContext<any>(`${prefix}CPItemContext`);
	if (CPItemContext?.CPItem.nodeId == node.id) {

/app/src/lib/components/ActiveArgumentsGroupHasFilterOperators.svelte:117:17
Warn: This reference only captures the initial value of `prefix`. Did you mean to reference it inside a closure instead?
https://svelte.dev/e/state_referenced_locally (svelte)
	if (CPItemContext?.CPItem.nodeId == node.id) {
		setContext(`${prefix}nodeContext`, { pathIsInCP: true });
		nodeIsInCP = true;

/app/src/lib/components/ActiveArgumentsGroupHasFilterOperators.svelte:132:43
Warn: This reference only captures the initial value of `prefix`. Did you mean to reference it inside a closure instead?
https://svelte.dev/e/state_referenced_locally (svelte)
	} else {
		correctQMSWraperContext = getContext(`${prefix}QMSWraperContext`);
	}

/app/src/lib/components/ActiveArgumentsGroupHasFilterOperators.svelte:149:6
Warn: This reference only captures the initial value of `QMSType`. Did you mean to reference it inside a closure instead?
https://svelte.dev/e/state_referenced_locally (svelte)
	const mutationVersion = getContext<Writable<boolean>>('mutationVersion');
	if (QMSType == 'mutation') {
		$mutationVersion = true;

/app/src/lib/components/ActiveArgumentsGroupHasFilterOperators.svelte:164:52
Warn: This reference only captures the initial value of `prefix`. Did you mean to reference it inside a closure instead?
https://svelte.dev/e/state_referenced_locally (svelte)

	let context = getContext<QMSMainWraperContext>(`${prefix}QMSMainWraperContext`);
	const endpointInfo = context?.endpointInfo;

/app/src/lib/components/ActiveArgumentsGroupHasFilterOperators.svelte:215:24
Warn: This reference only captures the initial value of `QMS_info`. Did you mean to reference it inside a derived instead?
https://svelte.dev/e/state_referenced_locally (svelte)

	let argsInfo = $state(QMS_info?.args);
	let showModal = $state(false);

/app/src/lib/components/ActiveArgumentsGroupHasFilterOperators.svelte:220:49
Warn: This reference only captures the initial value of `addDefaultFields`. Did you mean to reference it inside a closure instead?
https://svelte.dev/e/state_referenced_locally (svelte)

	if (node?.addDefaultFields || (node?.isMain && addDefaultFields)) {
		nodeAddDefaultFields(

/app/src/lib/components/ActiveArgumentsGroupHasFilterOperators.svelte:223:4
Warn: This reference only captures the initial value of `prefix`. Did you mean to reference it inside a closure instead?
https://svelte.dev/e/state_referenced_locally (svelte)
			node,
			prefix,
			group,

/app/src/lib/components/ActiveArgumentsGroupHasFilterOperators.svelte:225:4
Warn: This reference only captures the initial value of `activeArgumentsDataGrouped_Store`. Did you mean to reference it inside a closure instead?
https://svelte.dev/e/state_referenced_locally (svelte)
			group,
			activeArgumentsDataGrouped_Store,
			schemaData,

/app/src/lib/components/ActiveArgumentsGroupHasFilterOperators.svelte:228:4
Warn: This reference only captures the initial value of `stepsOfFields`. Did you mean to reference it inside a closure instead?
https://svelte.dev/e/state_referenced_locally (svelte)
			endpointInfo,
			stepsOfFields
		);

/app/src/lib/components/ActiveArgumentsGroupHasFilterOperators.svelte:264:50
Warn: This reference only captures the initial value of `prefix`. Did you mean to reference it inside a closure instead?
https://svelte.dev/e/state_referenced_locally (svelte)
	let QMSWraperContextForSelectedQMS: any = {};
	let activeArgumentsContext = getContext<any>(`${prefix}activeArgumentsContext`);
	let forceShowSelectAndAddButtons = false;

/app/src/lib/components/ActiveArgumentsGroupHasFilterOperators.svelte:228:4
Error: Expected 6 arguments, but got 7. (ts)
			endpointInfo,
			stepsOfFields
		);

/app/src/lib/components/ActiveArgumentsGroupHasFilterOperators.svelte:342:9
Error: Expected 6 arguments, but got 7. (ts)
								endpointInfo,
								stepsOfFields
							);

/app/src/lib/components/ActiveArgumentsGroupHasFilterOperators.svelte:387:10
Error: Expected 6 arguments, but got 7. (ts)
									endpointInfo,
									stepsOfFields
								);

/app/src/lib/components/ActiveArgumentsGroupHasFilterOperators.svelte:454:7
Error: Cannot use 'bind:' with this property. It is declared as non-bindable inside the component.
To mark a property as bindable: 'let { argsInfo = $bindable() } = $props()' (ts)
						bind:group
						bind:argsInfo
						{nodes}

/app/src/lib/components/ActiveArgumentsGroupHasFilterOperators.svelte:468:8
Error: Object literal may only specify known properties, and 'selectedQMS' does not exist in type 'Props'. (ts)
		}}
		bind:selectedQMS={getManyQMS}
		bind:selectedRowsColValues

/app/src/lib/components/ActiveArgumentsGroupHasFilterOperators.svelte:468:3
Error: Cannot use 'bind:' with this property. It is declared as non-bindable inside the component.
To mark a property as bindable: 'let { selectedQMS = $bindable() } = $props()' (ts)
		}}
		bind:selectedQMS={getManyQMS}
		bind:selectedRowsColValues

/app/src/lib/components/ActiveArgumentsGroupHasFilterOperators.svelte:469:3
Error: Cannot use 'bind:' with this property. It is declared as non-bindable inside the component.
To mark a property as bindable: 'let { selectedRowsColValues = $bindable() } = $props()' (ts)
		bind:selectedQMS={getManyQMS}
		bind:selectedRowsColValues
		bind:showSelectModal

/app/src/lib/components/ActiveArgumentsGroupHasFilterOperators.svelte:683:7
Error: Type '(e: any) => void' is not assignable to type '() => void'.
  Target signature provides too few arguments. Expected 1 or more, but got 0. (ts)
						{onChanged}
						onChildrenStartDrag={startDrag}
						{parentNode}

/app/src/lib/components/ActiveArgumentsGroupHasFilterOperators.svelte:678:7
Error: Cannot use 'bind:' with this property. It is declared as non-bindable inside the component.
To mark a property as bindable: 'let { selectedRowsColValues = $bindable() } = $props()' (ts)
					<ActiveArgument
						bind:selectedRowsColValues
						bind:showSelectModal

/app/src/lib/components/ActiveArgumentsGroupHasFilterOperators.svelte:679:7
Error: Cannot use 'bind:' with this property. It is declared as non-bindable inside the component.
To mark a property as bindable: 'let { showSelectModal = $bindable() } = $props()' (ts)
						bind:selectedRowsColValues
						bind:showSelectModal
						{onUpdateQuery}

/app/src/lib/components/ActiveArgumentsGroupHasFilterOperators.svelte:748:12
Error: Type '(e: any) => void' is not assignable to type '() => void'.
  Target signature provides too few arguments. Expected 1 or more, but got 0. (ts)
											{availableOperators}
											onChildrenStartDrag={startDrag}
											{group}

/app/src/lib/components/ActiveArgumentsGroupWraper.svelte:40:8
Error: Identifier 'QMSWraperContext' has already been declared
https://svelte.dev/e/js_parse_error (svelte)

	const QMSWraperContext = getContext<QMSWraperContext>(`${prefix}QMSWraperContext`);
    const finalGqlArgObj_Store = QMSWraperContext?.finalGqlArgObj_Store;

/app/src/lib/components/ActiveArgumentsGroupWraper.svelte:104:38
Error: Expected token >
https://svelte.dev/e/expected_token (ts)
				}}
                parentNodeId={null} // Add missing prop with default
                availableOperators={[]} // Add missing prop with default

/app/src/lib/components/ActiveArguments.svelte:26:35
Warn: This reference only captures the initial value of `stepsOfFieldsThisAppliesTo`. Did you mean to reference it inside a closure instead?
https://svelte.dev/e/state_referenced_locally (svelte)

	const activeArgumentsContext = { stepsOfFieldsThisAppliesTo, isControlPanelChild };
	setContext(`${prefix}activeArgumentsContext`, activeArgumentsContext);

/app/src/lib/components/ActiveArguments.svelte:26:63
Warn: This reference only captures the initial value of `isControlPanelChild`. Did you mean to reference it inside a closure instead?
https://svelte.dev/e/state_referenced_locally (svelte)

	const activeArgumentsContext = { stepsOfFieldsThisAppliesTo, isControlPanelChild };
	setContext(`${prefix}activeArgumentsContext`, activeArgumentsContext);

/app/src/lib/components/ActiveArguments.svelte:27:16
Warn: This reference only captures the initial value of `prefix`. Did you mean to reference it inside a closure instead?
https://svelte.dev/e/state_referenced_locally (svelte)
	const activeArgumentsContext = { stepsOfFieldsThisAppliesTo, isControlPanelChild };
	setContext(`${prefix}activeArgumentsContext`, activeArgumentsContext);
	let QMSMainWraperContext = getContext(`${prefix}QMSMainWraperContext`);

/app/src/lib/components/ActiveArguments.svelte:28:43
Warn: This reference only captures the initial value of `prefix`. Did you mean to reference it inside a closure instead?
https://svelte.dev/e/state_referenced_locally (svelte)
	setContext(`${prefix}activeArgumentsContext`, activeArgumentsContext);
	let QMSMainWraperContext = getContext(`${prefix}QMSMainWraperContext`);
	const endpointInfo = QMSMainWraperContext?.endpointInfo;

/app/src/lib/components/ActiveArguments.svelte:31:39
Warn: This reference only captures the initial value of `prefix`. Did you mean to reference it inside a closure instead?
https://svelte.dev/e/state_referenced_locally (svelte)
	const schemaData = QMSMainWraperContext?.schemaData;
	let QMSWraperContext = getContext(`${prefix}QMSWraperContext`);

/app/src/lib/components/ActiveArguments.svelte:51:69
Warn: This reference only captures the initial value of `QMSarguments`. Did you mean to reference it inside a closure instead?
https://svelte.dev/e/state_referenced_locally (svelte)
	if ($activeArgumentsDataGrouped_Store.length == 0) {
		activeArgumentsDataGrouped_Store.set_groups(QMS_info, schemaData, QMSarguments, endpointInfo);
	}

/app/src/lib/components/ActiveArguments.svelte:3:9
Error: Module '"/app/src/lib/components/ActiveArgumentsGroupWraper.svelte"' has no default export. (ts)
	import { getContext, setContext } from 'svelte';
	import ActiveArgumentsGroupWraper from '$lib/components/ActiveArgumentsGroupWraper.svelte';
	import { Logger } from '$lib/utils/logger';

/app/src/lib/components/ActiveArguments.svelte:29:45
Error: Property 'endpointInfo' does not exist on type 'unknown'. (ts)
	let QMSMainWraperContext = getContext(`${prefix}QMSMainWraperContext`);
	const endpointInfo = QMSMainWraperContext?.endpointInfo;
	const schemaData = QMSMainWraperContext?.schemaData;

/app/src/lib/components/ActiveArguments.svelte:30:43
Error: Property 'schemaData' does not exist on type 'unknown'. (ts)
	const endpointInfo = QMSMainWraperContext?.endpointInfo;
	const schemaData = QMSMainWraperContext?.schemaData;
	let QMSWraperContext = getContext(`${prefix}QMSWraperContext`);

/app/src/lib/components/ActiveArguments.svelte:35:55
Error: Property 'activeArgumentsDataGrouped_Store' does not exist on type 'unknown'. (ts)
	if (!activeArgumentsDataGrouped_Store) {
		activeArgumentsDataGrouped_Store = QMSWraperContext.activeArgumentsDataGrouped_Store;
	}

/app/src/lib/components/ActiveArguments.svelte:38:31
Error: Property 'QMS_info' does not exist on type 'unknown'. (ts)
	if (!QMS_info) {
		QMS_info = QMSWraperContext.QMS_info;
	}

/app/src/lib/components/TypeInfoDisplay.svelte:57:8
Error: Identifier 'QMSWraperContext' has already been declared
https://svelte.dev/e/js_parse_error (svelte)

	const QMSWraperContext = getContext<QMSWraperContext>(`${prefix}QMSWraperContext`);
	let QMSMainWraperContext = getContext<QMSMainWraperContext>(`${prefix}QMSMainWraperContext`);

/app/src/lib/components/TypeInfoDisplay.svelte:102:23
Error: Property 'QMSarguments' does not exist on type 'unknown'. (ts)
		const valueAtPath = getValueAtPath($stepsOfFieldsOBJFull, stepsOfFields);
		return valueAtPath?.QMSarguments;
	});

/app/src/lib/components/TypeInfoDisplay.svelte:260:7
Error: Type 'void | Record<string, unknown>' is not assignable to type 'Record<string, any>'.
  Type 'void' is not assignable to type 'Record<string, any>'. (ts)
					} else {
						$stepsOfFieldsOBJ = deleteValueAtPath($stepsOfFieldsOBJ, stepsOfFields);

/app/src/lib/components/fields/ENUMInterface.svelte:7:3
Error: Property 'containerEl' is missing in type '{ extraData: any; choises: any; chosen: any; chosenInputField: any; chosenDefault: undefined[]; isINPUT_OBJECT: any; rawValue: any; onChanged: any; id: any; title: string; type: string; }' but required in type 'Props'. (ts)
<div class="flex flex-col">
	<FilterGroup
		extraData={typeInfo}

/app/src/lib/components/fields/Map.svelte:30:9
Error: Property 'flyTo' does not exist on type 'unknown'. (ts)
				location = [e.coords.longitude, e.coords.latitude];
				map.flyTo({
					center: location,

/app/src/lib/components/fields/Map.svelte:45:17
Error: Property 'classList' does not exist on type 'unknown'. (ts)
		} else {
			mapContainer.classList.add();
		}

/app/src/lib/components/fields/Map.svelte:58:7
Error: Property 'resize' does not exist on type 'unknown'. (ts)
		});
		map.resize();
		map.addControl(new mapboxgl.FullscreenControl());

/app/src/lib/components/fields/Map.svelte:59:7
Error: Property 'addControl' does not exist on type 'unknown'. (ts)
		map.resize();
		map.addControl(new mapboxgl.FullscreenControl());
		map.addControl(

/app/src/lib/components/fields/Map.svelte:60:7
Error: Property 'addControl' does not exist on type 'unknown'. (ts)
		map.addControl(new mapboxgl.FullscreenControl());
		map.addControl(
			new mapboxgl.GeolocateControl({

/app/src/lib/components/fields/Map.svelte:71:14
Error: Cannot find name 'MapboxDraw'. (ts)
		);
		draw = new MapboxDraw({
			displayControlsDefault: false,

/app/src/lib/components/fields/Map.svelte:83:7
Error: Property 'addControl' does not exist on type 'unknown'. (ts)
		});
		map.addControl(draw, 'top-left');

/app/src/lib/components/fields/Map.svelte:85:7
Error: Property 'on' does not exist on type 'unknown'. (ts)

		map.on('draw.create', updateArea);
		map.on('draw.delete', updateArea);

/app/src/lib/components/fields/Map.svelte:86:7
Error: Property 'on' does not exist on type 'unknown'. (ts)
		map.on('draw.create', updateArea);
		map.on('draw.delete', updateArea);
		map.on('draw.update', updateArea);

/app/src/lib/components/fields/Map.svelte:87:7
Error: Property 'on' does not exist on type 'unknown'. (ts)
		map.on('draw.delete', updateArea);
		map.on('draw.update', updateArea);

/app/src/lib/components/fields/Map.svelte:90:22
Error: Property 'getAll' does not exist on type 'unknown'. (ts)
		function updateArea(e) {
			const data = draw.getAll();
			let dataCopy = JSON.parse(JSON.stringify(data));

/app/src/lib/components/fields/Map.svelte:93:31
Error: Property 'transform' does not exist on type 'unknown'. (ts)
			dataCopy.mapPosisitionState = {
				center: Object.values(map.transform._center),
				zoom: map.transform._zoom

/app/src/lib/components/fields/Map.svelte:94:15
Error: Property 'transform' does not exist on type 'unknown'. (ts)
				center: Object.values(map.transform._center),
				zoom: map.transform._zoom
			};

/app/src/lib/components/fields/Map.svelte:106:8
Error: Property 'on' does not exist on type 'unknown'. (ts)
			mapOnLoadHandler_set = true;
			map.on('load', () => {
				if (rawValue) {

/app/src/lib/components/fields/Map.svelte:112:13
Error: Property 'add' does not exist on type 'unknown'. (ts)
							//Logger.debug('feature added');
							draw.add(feature);
						});

/app/src/lib/components/fields/InterfacePicker.svelte:16:6
Error: Identifier 'QMSMainWraperContext' has already been declared
https://svelte.dev/e/js_parse_error (svelte)
	let { prefix = '', chosen, typeInfo, onInterfaceChosen }: Props = $props();
	let QMSMainWraperContext = getContext<QMSMainWraperContext>(`${prefix}QMSMainWraperContext`);
	const endpointInfo = QMSMainWraperContext?.endpointInfo;

/app/src/lib/components/fields/Interface.svelte:32:6
Error: Identifier 'QMSMainWraperContext' has already been declared
https://svelte.dev/e/js_parse_error (svelte)

	let QMSMainWraperContext = getContext<QMSMainWraperContext>(`${prefix}QMSMainWraperContext`);
	const endpointInfo = QMSMainWraperContext?.endpointInfo;

/app/src/lib/components/fields/AutoInterface.svelte:20:18
Error: Object literal may only specify known properties, and 'alwaysOn_interfacePicker' does not exist in type '$$ComponentProps'. (ts)
{#if expectsInterfaceList}
	<InterfaceList {alwaysOn_interfacePicker} {typeInfo} {rawValue} {dispatchValue} {onChanged} />
{:else}

/app/src/lib/components/ActiveArgument.svelte:82:46
Warn: This reference only captures the initial value of `prefix`. Did you mean to reference it inside a closure instead?
https://svelte.dev/e/state_referenced_locally (svelte)

	const QMSWraperContext = getContext<any>(`${prefix}QMSWraperContext`);
	const { activeArgumentsDataGrouped_Store, finalGqlArgObj_Store } = QMSWraperContext;

/app/src/lib/components/ActiveArgument.svelte:150:43
Warn: This reference only captures the initial value of `prefix`. Did you mean to reference it inside a closure instead?
https://svelte.dev/e/state_referenced_locally (svelte)

	const CPItemContext = getContext<any>(`${prefix}CPItemContext`);
	const CPItem = CPItemContext?.CPItem;

/app/src/lib/components/ActiveArgument.svelte:167:55
Warn: This reference only captures the initial value of `prefix`. Did you mean to reference it inside a closure instead?
https://svelte.dev/e/state_referenced_locally (svelte)

	const outermostQMSWraperContext = getContext<any>(`${prefix}OutermostQMSWraperContext`);
	const { mergedChildren_QMSWraperCtxData_Store } = outermostQMSWraperContext;

/app/src/lib/components/ActiveArgument.svelte:231:45
Warn: This reference only captures the initial value of `prefix`. Did you mean to reference it inside a closure instead?
https://svelte.dev/e/state_referenced_locally (svelte)

	let activeArgumentsContext = getContext(`${prefix}activeArgumentsContext`);
	let context = getContext<any>(`${prefix}QMSMainWraperContext`);

/app/src/lib/components/ActiveArgument.svelte:232:35
Warn: This reference only captures the initial value of `prefix`. Did you mean to reference it inside a closure instead?
https://svelte.dev/e/state_referenced_locally (svelte)
	let activeArgumentsContext = getContext(`${prefix}activeArgumentsContext`);
	let context = getContext<any>(`${prefix}QMSMainWraperContext`);
	const schemaData = context?.schemaData;

/app/src/lib/components/ActiveArgument.svelte:236:55
Warn: This reference only captures the initial value of `prefix`. Did you mean to reference it inside a closure instead?
https://svelte.dev/e/state_referenced_locally (svelte)
	let showSelectModal: boolean = $state(false);
	const OutermostQMSWraperContext = getContext<any>(`${prefix}OutermostQMSWraperContext`);

/app/src/lib/components/ActiveArgument.svelte:250:56
Warn: This reference only captures the initial value of `prefix`. Did you mean to reference it inside a closure instead?
https://svelte.dev/e/state_referenced_locally (svelte)

	const nodeContext_forDynamicData = getContext<any>(`${prefix}nodeContext_forDynamicData`);
	let selectedRowsColValues = nodeContext_forDynamicData.selectedRowsColValues;

/app/src/lib/components/ActiveArgument.svelte:137:5
Error: Type 'unknown' is not assignable to type 'string'. (ts)
			} else if (typeof activeArgumentData.chd_dispatchValue == 'string') {
				value = string_transformerREVERSE(
					(activeArgumentData.chd_dispatchValue || activeArgumentData.defaultValue) as string

/app/src/lib/components/ActiveArgument.svelte:294:3
Error: Type '(detail: any) => void' is not assignable to type '() => void'.
  Target signature provides too few arguments. Expected 1 or more, but got 0. (ts)
	bind:nodes
	{onChanged}
	onChildrenStartDrag={startDrag}

/app/src/lib/components/EndpointinfoGeneratorAssistantItem.svelte:16:53
Warn: This reference only captures the initial value of `prefix`. Did you mean to reference it inside a closure instead?
https://svelte.dev/e/state_referenced_locally (svelte)
	// Initialization after props
	const qmsContext = getContext<QMSWraperContext>(`${prefix}QMSWraperContext`);
	let context = getContext<QMSMainWraperContext>(`${prefix}QMSMainWraperContext`);

/app/src/lib/components/EndpointinfoGeneratorAssistantItem.svelte:17:52
Warn: This reference only captures the initial value of `prefix`. Did you mean to reference it inside a closure instead?
https://svelte.dev/e/state_referenced_locally (svelte)
	const qmsContext = getContext<QMSWraperContext>(`${prefix}QMSWraperContext`);
	let context = getContext<QMSMainWraperContext>(`${prefix}QMSMainWraperContext`);
	const schemaData = context?.schemaData;

/app/src/lib/components/EndpointsList.svelte:37:52
Warn: This reference only captures the initial value of `prefix`. Did you mean to reference it inside a closure instead?
https://svelte.dev/e/state_referenced_locally (svelte)
	// Get contexts - ensuring prefix is defined
	let context = getContext<QMSMainWraperContext>(`${prefix}QMSMainWraperContext`);
	const endpointInfo = context?.endpointInfo;

/app/src/lib/components/EndpointsList.svelte:40:18
Warn: This reference only captures the initial value of `QMSName`. Did you mean to reference it inside a closure instead?
https://svelte.dev/e/state_referenced_locally (svelte)
	const urqlCoreClient = context?.urqlCoreClient;
	let queryName = QMSName;
	const qmsContext = getContext<QMSWraperContext>('QMSWraperContext');

/app/src/lib/components/QueryLink.svelte:20:52
Warn: This reference only captures the initial value of `prefix`. Did you mean to reference it inside a closure instead?
https://svelte.dev/e/state_referenced_locally (svelte)
	// Initialization after props
	let context = getContext<QMSMainWraperContext>(`${prefix}QMSMainWraperContext`);
	const endpointInfo = context?.endpointInfo;

/app/src/lib/components/QueryLink.svelte:23:18
Warn: This reference only captures the initial value of `query`. Did you mean to reference it inside a closure instead?
https://svelte.dev/e/state_referenced_locally (svelte)
	const schemaData = context?.schemaData;
	let queryName = query.name;
	let queryNameDisplay = $state(queryName);

/app/src/lib/components/QueryLink.svelte:36:22
Warn: This reference only captures the initial value of `query`. Did you mean to reference it inside a closure instead?
https://svelte.dev/e/state_referenced_locally (svelte)

	let mandatoryArgs = query?.args?.filter((arg) => {
		return arg.dd_NON_NULL;

/app/src/lib/components/QueryLink.svelte:39:16
Warn: This reference only captures the initial value of `query`. Did you mean to reference it inside a closure instead?
https://svelte.dev/e/state_referenced_locally (svelte)
	});
	let ID_Args = query?.args?.filter((arg) => {
		return arg.dd_rootName == 'ID';

/app/src/lib/components/SetEndpointConfigurationToContext.svelte:16:52
Warn: This reference only captures the initial value of `prefix`. Did you mean to reference it inside a closure instead?
https://svelte.dev/e/state_referenced_locally (svelte)
	// Get contexts - ensuring prefix is available
	let context = getContext<QMSMainWraperContext>(`${prefix}QMSMainWraperContext`);
	let endpointInfo = $derived(context?.endpointInfo);

/app/src/lib/components/SetEndpointConfigurationToContext.svelte:24:53
Warn: This reference only captures the initial value of `prefix`. Did you mean to reference it inside a closure instead?
https://svelte.dev/e/state_referenced_locally (svelte)

	const qmsContext = getContext<QMSWraperContext>(`${prefix}QMSWraperContext`);
	const {

/app/src/lib/components/TabContainer.svelte:53:68
Warn: This reference only captures the initial value of `endpointInfo`. Did you mean to reference it inside a closure instead?
https://svelte.dev/e/state_referenced_locally (svelte)
			hasFill: false,
			items: getQMSLinks('query', `/endpoints/${endpointid}/queries`, endpointInfo, schemaData)
		},

/app/src/lib/components/TabContainer.svelte:62:73
Warn: This reference only captures the initial value of `endpointInfo`. Did you mean to reference it inside a closure instead?
https://svelte.dev/e/state_referenced_locally (svelte)
			hasFill: true,
			items: getQMSLinks('mutation', `/endpoints/${endpointid}/mutations`, endpointInfo, schemaData)
		},

/app/src/lib/components/TabContainer.svelte:159:2
Warn: Unused CSS selector ".shadowTop"
https://svelte.dev/e/css_unused_selector (svelte)
<style>
	.shadowTop {
		box-shadow: rgba(14, 30, 37, 0.12) 0px 2px 4px 0px, rgba(14, 30, 37, 0.32) 0px 2px 16px 0px;

/app/src/lib/components/Sidebar.svelte:25:52
Warn: This reference only captures the initial value of `prefix`. Did you mean to reference it inside a closure instead?
https://svelte.dev/e/state_referenced_locally (svelte)
	// Initialization after props
	let context = getContext<QMSMainWraperContext>(`${prefix}QMSMainWraperContext`);
	let endpointInfo = $derived(context?.endpointInfo);

/app/src/routes/endpoints/[endpointid]/+layout.svelte:93:39
Error: Object literal may only specify known properties, and '"QMSName"' does not exist in type 'Props'. (ts)
		>
			<SetEndpointConfigurationToContext QMSName="endpoints_by_pk">
				{@render children?.()}

/app/src/routes/endpoints/[endpointid]/mutations/MutationExample.svelte:16:62
Warn: This reference only captures the initial value of `prefix`. Did you mean to reference it inside a closure instead?
https://svelte.dev/e/state_referenced_locally (svelte)
	// Initialization after props
	let mainWraperContext = getContext<QMSMainWraperContext>(`${prefix}QMSMainWraperContext`);
	let endpointInfo = $derived(mainWraperContext?.endpointInfo);

/app/src/routes/endpoints/[endpointid]/mutations/MutationExample.svelte:24:53
Warn: This reference only captures the initial value of `prefix`. Did you mean to reference it inside a closure instead?
https://svelte.dev/e/state_referenced_locally (svelte)

	const qmsContext = getContext<QMSWraperContext>(`${prefix}QMSWraperContext`);
	const {

====================================
svelte-check found 144 errors and 97 warnings in 56 files
